<?xml version="1.0" encoding="UTF-8"?>
<!-- Generated by org.testng.reporters.JUnitReportReporter -->
<testsuite hostname="Yaminis-MacBook-Air.local" failures="0" tests="6" name="tests.InsuranceProjectTest" time="39.365" errors="0" timestamp="2022-05-09T00:20:55 PDT" skipped="0">
  <testcase classname="tests.InsuranceProjectTest" name="RunUserRegistrationTest" time="8.667"/>
  <system-out/>
  <testcase classname="tests.InsuranceProjectTest" name="RunLoginTest" time="5.521"/>
  <system-out/>
  <testcase classname="tests.InsuranceProjectTest" name="RunUpdateLocation" time="6.203"/>
  <system-out/>
  <testcase classname="tests.InsuranceProjectTest" name="RunApplyInsuranceTest" time="7.773"/>
  <system-out/>
  <testcase classname="tests.InsuranceProjectTest" name="RunUpdateProfileTest" time="5.873"/>
  <system-out/>
  <testcase classname="tests.InsuranceProjectTest" name="RunLogoutTest" time="5.328"/>
  <system-out/>
</testsuite> <!-- tests.InsuranceProjectTest -->
